<?xml version="1.0" encoding="UTF-8"?>
<!-- Generated by org.testng.reporters.JUnitReportReporter -->
<testsuite hostname="DESKTOP-NA0FMDQ" name="com.vmetry.ntl.initializer.Initializer" tests="1" failures="0" timestamp="21 Sep 2016 03:28:41 GMT" time="0.000" errors="0">
  <testcase name="initialize" time="0.000" classname="com.vmetry.ntl.initializer.Initializer"/>
</testsuite> <!-- com.vmetry.ntl.initializer.Initializer -->
